<?xml version="1.0" encoding="UTF-8" ?>
<testsuite tests="8" failures="2" name="TestSuite" time="10.15" errors="0" skipped="1">
  <properties>
[...]
</properties>
  <testcase classname="com.crm.qa.testcases.ContactPageTest" name="verifyContactboxisChecked" time="0.025">
    <failure message="Given xpath expression &quot;//input[name=&apos;contact_id&apos; AND type=&apos;checkbox&apos;])&quot; is invalid: SyntaxError: The expression is not a legal expression.
For documentation on this error, please visit: http://seleniumhq.org/exceptions/invalid_selector_exception.html
Build info: version: &apos;3.13.0&apos;, revision: &apos;2f0d292&apos;, time: &apos;2018-06-25T15:24:21.231Z&apos;
System info: host: &apos;bhavya-110-a04&apos;, ip: &apos;127.0.1.1&apos;, os.name: &apos;Linux&apos;, os.arch: &apos;amd64&apos;, os.version: &apos;4.4.0-128-generic&apos;, java.version: &apos;1.8.0_91&apos;
Driver info: org.openqa.selenium.firefox.FirefoxDriver
Capabilities {acceptInsecureCerts: true, browserName: firefox, browserVersion: 62.0, javascriptEnabled: true, moz:accessibilityChecks: false, moz:headless: false, moz:processID: 25237, moz:profile: /tmp/rust_mozprofile.03mvLY..., moz:useNonSpecCompliantPointerOrigin: false, moz:webdriverClick: true, pageLoadStrategy: normal, platform: LINUX, platformName: LINUX, platformVersion: 4.4.0-128-generic, rotatable: false, timeouts: {implicit: 0, pageLoad: 300000, script: 30000}}
Session ID: 210d6000-9b10-44ba-99de-503392bf84f2
*** Element info: {Using=xpath, value=//input[name=&apos;contact_id&apos; AND type=&apos;checkbox&apos;])}" type="org.openqa.selenium.InvalidSelectorException">org.openqa.selenium.InvalidSelectorException: Given xpath expression &quot;//input[name=&apos;contact_id&apos; AND type=&apos;checkbox&apos;])&quot; is invalid: SyntaxError: The expression is not a legal expression.
For documentation on this error, please visit: http://seleniumhq.org/exceptions/invalid_selector_exception.html
Build info: version: &apos;3.13.0&apos;, revision: &apos;2f0d292&apos;, time: &apos;2018-06-25T15:24:21.231Z&apos;
System info: host: &apos;bhavya-110-a04&apos;, ip: &apos;127.0.1.1&apos;, os.name: &apos;Linux&apos;, os.arch: &apos;amd64&apos;, os.version: &apos;4.4.0-128-generic&apos;, java.version: &apos;1.8.0_91&apos;
Driver info: org.openqa.selenium.firefox.FirefoxDriver
Capabilities {acceptInsecureCerts: true, browserName: firefox, browserVersion: 62.0, javascriptEnabled: true, moz:accessibilityChecks: false, moz:headless: false, moz:processID: 25237, moz:profile: /tmp/rust_mozprofile.03mvLY..., moz:useNonSpecCompliantPointerOrigin: false, moz:webdriverClick: true, pageLoadStrategy: normal, platform: LINUX, platformName: LINUX, platformVersion: 4.4.0-128-generic, rotatable: false, timeouts: {implicit: 0, pageLoad: 300000, script: 30000}}
Session ID: 210d6000-9b10-44ba-99de-503392bf84f2
*** Element info: {Using=xpath, value=//input[name=&apos;contact_id&apos; AND type=&apos;checkbox&apos;])}
	at sun.reflect.NativeConstructorAccessorImpl.newInstance0(Native Method)
	at sun.reflect.NativeConstructorAccessorImpl.newInstance(NativeConstructorAccessorImpl.java:62)
	at sun.reflect.DelegatingConstructorAccessorImpl.newInstance(DelegatingConstructorAccessorImpl.java:45)
	at java.lang.reflect.Constructor.newInstance(Constructor.java:423)
	at org.openqa.selenium.remote.http.W3CHttpResponseCodec.createException(W3CHttpResponseCodec.java:187)
	at org.openqa.selenium.remote.http.W3CHttpResponseCodec.decode(W3CHttpResponseCodec.java:122)
	at org.openqa.selenium.remote.http.W3CHttpResponseCodec.decode(W3CHttpResponseCodec.java:49)
	at org.openqa.selenium.remote.HttpCommandExecutor.execute(HttpCommandExecutor.java:158)
	at org.openqa.selenium.remote.service.DriverCommandExecutor.execute(DriverCommandExecutor.java:83)
	at org.openqa.selenium.remote.RemoteWebDriver.execute(RemoteWebDriver.java:548)
	at org.openqa.selenium.remote.RemoteWebDriver.findElement(RemoteWebDriver.java:322)
	at org.openqa.selenium.remote.RemoteWebDriver.findElementByXPath(RemoteWebDriver.java:424)
	at org.openqa.selenium.By$ByXPath.findElement(By.java:353)
	at org.openqa.selenium.remote.RemoteWebDriver.findElement(RemoteWebDriver.java:314)
	at org.openqa.selenium.support.pagefactory.DefaultElementLocator.findElement(DefaultElementLocator.java:69)
	at org.openqa.selenium.support.pagefactory.internal.LocatingElementHandler.invoke(LocatingElementHandler.java:38)
	at com.sun.proxy.$Proxy7.click(Unknown Source)
	at com.crm.qa.pages.ContactPage.clickOnCheckBox(ContactPage.java:29)
	at com.crm.qa.testcases.ContactPageTest.verifyContactboxisChecked(ContactPageTest.java:42)
</failure>
    <system-out>Configuring TestNG with: org.apache.maven.surefire.testng.conf.TestNG652Configurator@33833882
</system-out>
    <system-err>1536391869138	geckodriver	INFO	geckodriver 0.21.0
1536391869144	geckodriver	INFO	Listening on 127.0.0.1:4134
1536391869359	mozrunner::runner	INFO	Running command: &quot;/usr/lib/firefox/firefox&quot; &quot;-marionette&quot; &quot;-foreground&quot; &quot;-no-remote&quot; &quot;-profile&quot; &quot;/tmp/rust_mozprofile.03mvLY7VyAsG&quot;
1536391872410	Marionette	INFO	Listening on port 27986
1536391872475	Marionette	WARN	TLS certificate errors will be ignored for this session
1536391872533	Marionette	DEBUG	[2147483649] Frame script loaded
1536391872549	Marionette	DEBUG	[2147483649] Frame script registered
Sep 08, 2018 12:31:12 AM org.openqa.selenium.remote.ProtocolHandshake createSession
INFO: Detected dialect: W3C
1536391872774	Marionette	DEBUG	[2147483649] Received DOM event beforeunload for about:blank
1536391875238	Marionette	DEBUG	[2147483649] Received DOM event pagehide for about:blank
1536391878050	Marionette	DEBUG	[2147483649] Received DOM event DOMContentLoaded for https://www.freecrm.com/index.html
1536391883055	Marionette	DEBUG	[2147483649] Received DOM event pageshow for https://www.freecrm.com/index.html
1536391886870	Marionette	DEBUG	[2147483649] Received DOM event beforeunload for https://www.freecrm.com/index.html
1536391886882	Marionette	DEBUG	[2147483649] Received observer notification outer-window-destroyed for 2147483661
1536391887438	Marionette	DEBUG	[2147483649] Received DOM event pagehide for https://www.freecrm.com/index.html
1536391887462	Marionette	DEBUG	[2147483649] Received DOM event unload for https://www.freecrm.com/index.html
1536391887469	Marionette	DEBUG	[2147483649] Received DOM event DOMContentLoaded for https://www.freecrm.com/index.cfm?CFID=1655305&amp;CFTOKEN=40312044&amp;jsessionid=3e30f1514a11b1f0d2ab506d6c1635a16792
1536391887499	Marionette	DEBUG	[2147483649] Received observer notification outer-window-destroyed for 2147483653
1536391887500	Marionette	DEBUG	[2147483649] Received observer notification outer-window-destroyed for 2147483655
1536391887500	Marionette	DEBUG	[2147483649] Received observer notification outer-window-destroyed for 2147483657
1536391887500	Marionette	DEBUG	[2147483649] Received observer notification outer-window-destroyed for 2147483663
1536391887500	Marionette	DEBUG	[2147483649] Received observer notification outer-window-destroyed for 2147483659
1536391892574	Marionette	DEBUG	[2147483649] Received DOM event pageshow for https://www.freecrm.com/index.cfm?CFID=1655305&amp;CFTOKEN=40312044&amp;jsessionid=3e30f1514a11b1f0d2ab506d6c1635a16792
1536391892654	Marionette	DEBUG	[2147483649] Received DOM event beforeunload for https://www.freecrm.com/system/index.cfm
1536391892919	Marionette	DEBUG	[2147483649] Received DOM event pagehide for https://www.freecrm.com/system/index.cfm
1536391892920	Marionette	DEBUG	[2147483649] Received DOM event unload for https://www.freecrm.com/system/index.cfm
1536391893167	Marionette	DEBUG	[2147483649] Received DOM event DOMContentLoaded for https://www.freecrm.com/system/index.cfm?action=contact
1536391893174	Marionette	DEBUG	[2147483649] Received observer notification outer-window-destroyed for 2147483676
1536391893175	Marionette	DEBUG	[2147483649] Received observer notification outer-window-destroyed for 2147483678
1536391893175	Marionette	DEBUG	[2147483649] Received observer notification outer-window-destroyed for 2147483674
1536391893175	Marionette	DEBUG	[2147483649] Received observer notification outer-window-destroyed for 2147483679
1536391893175	Marionette	DEBUG	[2147483649] Received observer notification outer-window-destroyed for 2147483670
1536391893176	Marionette	DEBUG	[2147483649] Received observer notification outer-window-destroyed for 2147483671
1536391893366	Marionette	DEBUG	[2147483649] Received DOM event pageshow for https://www.freecrm.com/system/index.cfm?action=contact
</system-err>
  </testcase>
  <testcase classname="com.crm.qa.testcases.ContactPageTest" name="verifyContactboxtext" time="1.104">
    <skipped/>
    <system-err>1536391893403	Marionette	INFO	Stopped listening on port 27986
[Parent 25237, Gecko_IOThread] WARNING: pipe error (45): Connection reset by peer: file /build/firefox-2GyqsY/firefox-62.0+build2/ipc/chromium/src/chrome/common/ipc_channel_posix.cc, line 353
</system-err>
  </testcase>
  <testcase classname="com.crm.qa.testcases.HomePageTest" name="verifyHomePageTitle" time="0.056"/>
  <testcase classname="com.crm.qa.testcases.HomePageTest" name="verifyHomePageUserLableText" time="0.073">
    <failure message="Home page user name label is not matching expected:&lt;[  ]User: padma p&gt; but was:&lt;[]User: padma p&gt;" type="junit.framework.ComparisonFailure">junit.framework.ComparisonFailure: Home page user name label is not matching expected:&lt;[  ]User: padma p&gt; but was:&lt;[]User: padma p&gt;
	at junit.framework.Assert.assertEquals(Assert.java:85)
	at com.crm.qa.testcases.HomePageTest.verifyHomePageUserLableText(HomePageTest.java:46)
</failure>
    <system-out>  User: padma p=============
</system-out>
    <system-err>1536391912200	Marionette	INFO	Stopped listening on port 25050
1536391913342	geckodriver	INFO	geckodriver 0.21.0
1536391913348	geckodriver	INFO	Listening on 127.0.0.1:8764
1536391913360	mozrunner::runner	INFO	Running command: &quot;/usr/lib/firefox/firefox&quot; &quot;-marionette&quot; &quot;-foreground&quot; &quot;-no-remote&quot; &quot;-profile&quot; &quot;/tmp/rust_mozprofile.XNQ1HjB1wUyz&quot;
1536391916496	Marionette	INFO	Listening on port 20149
1536391916571	Marionette	WARN	TLS certificate errors will be ignored for this session
1536391916622	Marionette	DEBUG	[2147483649] Frame script loaded
1536391916645	Marionette	DEBUG	[2147483649] Frame script registered
Sep 08, 2018 12:31:56 AM org.openqa.selenium.remote.ProtocolHandshake createSession
INFO: Detected dialect: W3C
1536391916753	Marionette	DEBUG	[2147483649] Received DOM event beforeunload for about:blank
1536391919215	Marionette	DEBUG	[2147483649] Received DOM event pagehide for about:blank
1536391921982	Marionette	DEBUG	[2147483649] Received DOM event DOMContentLoaded for https://www.freecrm.com/index.html
1536391922359	Marionette	DEBUG	[2147483649] Received DOM event pageshow for https://www.freecrm.com/index.html
1536391926082	Marionette	DEBUG	[2147483649] Received DOM event beforeunload for https://www.freecrm.com/index.html
1536391926627	Marionette	DEBUG	[2147483649] Received DOM event pagehide for https://www.freecrm.com/index.html
1536391926660	Marionette	DEBUG	[2147483649] Received DOM event unload for https://www.freecrm.com/index.html
1536391926674	Marionette	DEBUG	[2147483649] Received DOM event DOMContentLoaded for https://www.freecrm.com/index.cfm?CFID=1655308&amp;CFTOKEN=22641479&amp;jsessionid=3e304faac369eb9d0e1d1117f514155443f5
1536391926716	Marionette	DEBUG	[2147483649] Received observer notification outer-window-destroyed for 2147483653
1536391926717	Marionette	DEBUG	[2147483649] Received observer notification outer-window-destroyed for 2147483655
1536391926717	Marionette	DEBUG	[2147483649] Received observer notification outer-window-destroyed for 2147483657
1536391926718	Marionette	DEBUG	[2147483649] Received observer notification outer-window-destroyed for 2147483661
1536391926718	Marionette	DEBUG	[2147483649] Received observer notification outer-window-destroyed for 2147483659
1536391930214	Marionette	DEBUG	[2147483649] Received DOM event pageshow for https://www.freecrm.com/index.cfm?CFID=1655308&amp;CFTOKEN=22641479&amp;jsessionid=3e304faac369eb9d0e1d1117f514155443f5
</system-err>
  </testcase>
  <testcase classname="com.crm.qa.testcases.LoginPageTest" name="verifyloginbuttondisplay" time="0.078"/>
  <testcase classname="com.crm.qa.testcases.LoginPageTest" name="loginPageTitleTest" time="0.012"/>
  <testcase classname="com.crm.qa.testcases.LoginPageTest" name="verfiyCRMLogo" time="0.085"/>
  <testcase classname="com.crm.qa.testcases.LoginPageTest" name="loginTest" time="8.717"/>
</testsuite>