<?xml version="1.0" encoding="UTF-8"?>
<testng-results skipped="0" failed="1" total="2" passed="1">
  <reporter-output>
  </reporter-output>
  <suite name="Default suite" duration-ms="34932" started-at="2018-09-09T15:14:22Z" finished-at="2018-09-09T15:14:57Z">
    <groups>
    </groups>
    <test name="Default test" duration-ms="34932" started-at="2018-09-09T15:14:22Z" finished-at="2018-09-09T15:14:57Z">
      <class name="com.crm.qa.testcases.HomePageTest">
        <test-method status="PASS" signature="setup()[pri:0, instance:com.crm.qa.testcases.HomePageTest@4c70fda8]" name="setup" is-config="true" duration-ms="16806" started-at="2018-09-09T08:14:22Z" finished-at="2018-09-09T08:14:39Z">
          <reporter-output>
          </reporter-output>
        </test-method> <!-- setup -->
        <test-method status="PASS" signature="verifyHomePageTitle()[pri:0, instance:com.crm.qa.testcases.HomePageTest@4c70fda8]" name="verifyHomePageTitle" duration-ms="69" started-at="2018-09-09T08:14:39Z" finished-at="2018-09-09T08:14:39Z">
          <reporter-output>
          </reporter-output>
        </test-method> <!-- verifyHomePageTitle -->
        <test-method status="PASS" signature="takeScreenshotAndteardown(org.testng.ITestResult)[pri:0, instance:com.crm.qa.testcases.HomePageTest@4c70fda8]" name="takeScreenshotAndteardown" is-config="true" duration-ms="1070" started-at="2018-09-09T08:14:39Z" finished-at="2018-09-09T08:14:40Z">
          <params>
            <param index="0">
              <value>
                <![CDATA[[TestResult name=verifyHomePageTitle status=SUCCESS method=HomePageTest.verifyHomePageTitle()[pri:0, instance:com.crm.qa.testcases.HomePageTest@4c70fda8] output={null}]]]>
              </value>
            </param>
          </params>
          <reporter-output>
          </reporter-output>
        </test-method> <!-- takeScreenshotAndteardown -->
        <test-method status="PASS" signature="setup()[pri:0, instance:com.crm.qa.testcases.HomePageTest@4c70fda8]" name="setup" is-config="true" duration-ms="15635" started-at="2018-09-09T08:14:40Z" finished-at="2018-09-09T08:14:56Z">
          <reporter-output>
          </reporter-output>
        </test-method> <!-- setup -->
        <test-method status="FAIL" signature="verifyHomePageUserLableText()[pri:0, instance:com.crm.qa.testcases.HomePageTest@4c70fda8]" name="verifyHomePageUserLableText" duration-ms="67" started-at="2018-09-09T08:14:56Z" finished-at="2018-09-09T08:14:56Z">
          <exception class="junit.framework.ComparisonFailure">
            <message>
              <![CDATA[Home page user name label is not matching expected:<[  ]User: padma p> but was:<[]User: padma p>]]>
            </message>
            <full-stacktrace>
              <![CDATA[junit.framework.ComparisonFailure: Home page user name label is not matching expected:<[  ]User: padma p> but was:<[]User: padma p>
	at junit.framework.Assert.assertEquals(Assert.java:85)
	at com.crm.qa.testcases.HomePageTest.verifyHomePageUserLableText(HomePageTest.java:53)
	at sun.reflect.NativeMethodAccessorImpl.invoke0(Native Method)
	at sun.reflect.NativeMethodAccessorImpl.invoke(NativeMethodAccessorImpl.java:62)
	at sun.reflect.DelegatingMethodAccessorImpl.invoke(DelegatingMethodAccessorImpl.java:43)
	at java.lang.reflect.Method.invoke(Method.java:498)
	at org.testng.internal.MethodInvocationHelper.invokeMethod(MethodInvocationHelper.java:80)
	at org.testng.internal.Invoker.invokeMethod(Invoker.java:714)
	at org.testng.internal.Invoker.invokeTestMethod(Invoker.java:901)
	at org.testng.internal.Invoker.invokeTestMethods(Invoker.java:1231)
	at org.testng.internal.TestMethodWorker.invokeTestMethods(TestMethodWorker.java:127)
	at org.testng.internal.TestMethodWorker.run(TestMethodWorker.java:111)
	at org.testng.TestRunner.privateRun(TestRunner.java:767)
	at org.testng.TestRunner.run(TestRunner.java:617)
	at org.testng.SuiteRunner.runTest(SuiteRunner.java:334)
	at org.testng.SuiteRunner.runSequentially(SuiteRunner.java:329)
	at org.testng.SuiteRunner.privateRun(SuiteRunner.java:291)
	at org.testng.SuiteRunner.run(SuiteRunner.java:240)
	at org.testng.SuiteRunnerWorker.runSuite(SuiteRunnerWorker.java:52)
	at org.testng.SuiteRunnerWorker.run(SuiteRunnerWorker.java:86)
	at org.testng.TestNG.runSuitesSequentially(TestNG.java:1198)
	at org.testng.TestNG.runSuitesLocally(TestNG.java:1123)
	at org.testng.TestNG.run(TestNG.java:1031)
	at org.testng.remote.AbstractRemoteTestNG.run(AbstractRemoteTestNG.java:114)
	at org.testng.remote.RemoteTestNG.initAndRun(RemoteTestNG.java:251)
	at org.testng.remote.RemoteTestNG.main(RemoteTestNG.java:77)
]]>
            </full-stacktrace>
          </exception> <!-- junit.framework.ComparisonFailure -->
          <reporter-output>
          </reporter-output>
        </test-method> <!-- verifyHomePageUserLableText -->
        <test-method status="PASS" signature="takeScreenshotAndteardown(org.testng.ITestResult)[pri:0, instance:com.crm.qa.testcases.HomePageTest@4c70fda8]" name="takeScreenshotAndteardown" is-config="true" duration-ms="1272" started-at="2018-09-09T08:14:56Z" finished-at="2018-09-09T08:14:57Z">
          <params>
            <param index="0">
              <value>
                <![CDATA[[TestResult name=verifyHomePageUserLableText status=FAILURE method=HomePageTest.verifyHomePageUserLableText()[pri:0, instance:com.crm.qa.testcases.HomePageTest@4c70fda8] output={null}]]]>
              </value>
            </param>
          </params>
          <reporter-output>
          </reporter-output>
        </test-method> <!-- takeScreenshotAndteardown -->
      </class> <!-- com.crm.qa.testcases.HomePageTest -->
    </test> <!-- Default test -->
  </suite> <!-- Default suite -->
</testng-results>
