<?xml version="1.0" encoding="UTF-8"?>
<!-- Generated by org.testng.reporters.JUnitXMLReporter -->
<testsuite hostname="bhavya-110-a04" name=" crm test" tests="4" failures="0" timestamp="8 Sep 2018 07:18:36 GMT" time="49.288" errors="0">
  <testcase name="verifyloginbuttondisplay" time="0.115" classname="com.crm.qa.testcases.LoginPageTest"/>
  <testcase name="loginPageTitleTest" time="0.018" classname="com.crm.qa.testcases.LoginPageTest"/>
  <testcase name="verfiyCRMLogo" time="0.079" classname="com.crm.qa.testcases.LoginPageTest"/>
  <testcase name="loginTest" time="7.568" classname="com.crm.qa.testcases.LoginPageTest"/>
</testsuite> <!--  crm test -->
